2020-02-12 15:02:32 ERROR System:110 - Communications link failure

The last packet sent successfully to the server was 0 milliseconds ago. The driver has not received any packets from the server.
2020-02-12 15:03:14 ERROR CustomerDao:56 - Communications link failure

The last packet sent successfully to the server was 0 milliseconds ago. The driver has not received any packets from the server.
2020-02-12 15:14:30 ERROR System:115 - Communications link failure

The last packet sent successfully to the server was 0 milliseconds ago. The driver has not received any packets from the server.
2020-02-12 15:17:47 ERROR CustomerDao:56 - Communications link failure

The last packet sent successfully to the server was 0 milliseconds ago. The driver has not received any packets from the server.
2020-02-12 15:18:15 ERROR CustomerDao:41 - Communications link failure

The last packet sent successfully to the server was 0 milliseconds ago. The driver has not received any packets from the server.
2020-02-12 15:26:13 ERROR ItemDao:56 - You have an error in your SQL syntax; check the manual that corresponds to your MySQL server version for the right syntax to use near ''1.5' at line 1
2020-02-12 16:50:26 ERROR OrderDao:106 - Cannot add or update a child row: a foreign key constraint fails (`ims`.`order_items`, CONSTRAINT `order_items_ibfk_1` FOREIGN KEY (`order_id`) REFERENCES `orders` (`id`))
2020-02-12 16:51:36 ERROR OrderDao:49 - You have an error in your SQL syntax; check the manual that corresponds to your MySQL server version for the right syntax to use near 'on orders.id=order_items.order_id' at line 1
2020-02-12 16:54:54 ERROR OrderDao:49 - You have an error in your SQL syntax; check the manual that corresponds to your MySQL server version for the right syntax to use near 'on orders.id=order_items.order_id' at line 1
2020-02-12 16:58:55 ERROR UserDao:62 - You have an error in your SQL syntax; check the manual that corresponds to your MySQL server version for the right syntax to use near ''dan' at line 1
2020-02-12 17:01:04 ERROR OrderDao:49 - You have an error in your SQL syntax; check the manual that corresponds to your MySQL server version for the right syntax to use near 'on orders.id=order_items.order_id' at line 1
2020-02-12 17:31:08 INFO  System:31 - Please enter your username:
2020-02-12 17:31:10 INFO  System:33 - Please enter your password:
2020-02-12 17:31:15 INFO  System:39 - Which system would you like to access?
2020-02-12 17:31:15 INFO  Domain:29 - CUSTOMER: View, create, update or delete customers
2020-02-12 17:31:15 INFO  Domain:29 - ITEM: View, create, update or delete items
2020-02-12 17:31:15 INFO  Domain:29 - ORDER: View, create, update or delete orders
2020-02-12 17:31:15 INFO  Domain:29 - USER: View, create, update or delete users
2020-02-12 17:31:15 INFO  Domain:29 - STOP: Close the application
2020-02-12 17:31:22 INFO  System:46 - What would you like to do with orders:
2020-02-12 17:31:22 INFO  Action:39 - CREATE: Save a new item in the database.
2020-02-12 17:31:22 INFO  Action:39 - READ: View an item in the database.
2020-02-12 17:31:22 INFO  Action:39 - UPDATE: Change an existing item in the database.
2020-02-12 17:31:22 INFO  Action:39 - DELETE: Remove an item from the database.
2020-02-12 17:31:22 INFO  Action:39 - RETURN: Return to section select.
2020-02-12 17:32:55 INFO  System:31 - Please enter your username:
2020-02-12 17:32:58 INFO  System:33 - Please enter your password:
2020-02-12 17:33:01 INFO  System:39 - Which system would you like to access?
2020-02-12 17:33:01 INFO  Domain:29 - CUSTOMER: View, create, update or delete customers
2020-02-12 17:33:01 INFO  Domain:29 - ITEM: View, create, update or delete items
2020-02-12 17:33:01 INFO  Domain:29 - ORDER: View, create, update or delete orders
2020-02-12 17:33:01 INFO  Domain:29 - USER: View, create, update or delete users
2020-02-12 17:33:01 INFO  Domain:29 - STOP: Close the application
2020-02-12 17:33:03 INFO  System:46 - What would you like to do with users:
2020-02-12 17:33:03 INFO  Action:39 - CREATE: Save a new item in the database.
2020-02-12 17:33:03 INFO  Action:39 - READ: View an item in the database.
2020-02-12 17:33:03 INFO  Action:39 - UPDATE: Change an existing item in the database.
2020-02-12 17:33:03 INFO  Action:39 - DELETE: Remove an item from the database.
2020-02-12 17:33:03 INFO  Action:39 - RETURN: Return to section select.
2020-02-12 17:33:09 INFO  UserController:41 - Please enter a username:
2020-02-12 17:33:13 INFO  UserController:44 - User created successfully
2020-02-12 17:33:13 INFO  System:39 - Which system would you like to access?
2020-02-12 17:33:13 INFO  Domain:29 - CUSTOMER: View, create, update or delete customers
2020-02-12 17:33:13 INFO  Domain:29 - ITEM: View, create, update or delete items
2020-02-12 17:33:13 INFO  Domain:29 - ORDER: View, create, update or delete orders
2020-02-12 17:33:13 INFO  Domain:29 - USER: View, create, update or delete users
2020-02-12 17:33:13 INFO  Domain:29 - STOP: Close the application
2020-02-12 17:33:17 INFO  System:46 - What would you like to do with customers:
2020-02-12 17:33:17 INFO  Action:39 - CREATE: Save a new item in the database.
2020-02-12 17:33:17 INFO  Action:39 - READ: View an item in the database.
2020-02-12 17:33:17 INFO  Action:39 - UPDATE: Change an existing item in the database.
2020-02-12 17:33:17 INFO  Action:39 - DELETE: Remove an item from the database.
2020-02-12 17:33:17 INFO  Action:39 - RETURN: Return to section select.
2020-02-12 17:33:18 INFO  CustomerController:41 - Please enter a first name:
2020-02-12 17:33:21 INFO  CustomerController:43 - Please enter a surname
2020-02-12 17:33:22 INFO  CustomerController:46 - Customer created
2020-02-12 17:33:22 INFO  System:39 - Which system would you like to access?
2020-02-12 17:33:22 INFO  Domain:29 - CUSTOMER: View, create, update or delete customers
2020-02-12 17:33:22 INFO  Domain:29 - ITEM: View, create, update or delete items
2020-02-12 17:33:22 INFO  Domain:29 - ORDER: View, create, update or delete orders
2020-02-12 17:33:22 INFO  Domain:29 - USER: View, create, update or delete users
2020-02-12 17:33:22 INFO  Domain:29 - STOP: Close the application
2020-02-12 17:33:29 INFO  System:46 - What would you like to do with items:
2020-02-12 17:33:29 INFO  Action:39 - CREATE: Save a new item in the database.
2020-02-12 17:33:29 INFO  Action:39 - READ: View an item in the database.
2020-02-12 17:33:29 INFO  Action:39 - UPDATE: Change an existing item in the database.
2020-02-12 17:33:29 INFO  Action:39 - DELETE: Remove an item from the database.
2020-02-12 17:33:29 INFO  Action:39 - RETURN: Return to section select.
2020-02-12 17:33:30 INFO  ItemController:41 - Please enter an item name:
2020-02-12 17:33:37 INFO  ItemController:43 - Please enter a price:
2020-02-12 17:33:41 INFO  ItemController:46 - Item created
2020-02-12 17:33:41 INFO  System:39 - Which system would you like to access?
2020-02-12 17:33:41 INFO  Domain:29 - CUSTOMER: View, create, update or delete customers
2020-02-12 17:33:41 INFO  Domain:29 - ITEM: View, create, update or delete items
2020-02-12 17:33:41 INFO  Domain:29 - ORDER: View, create, update or delete orders
2020-02-12 17:33:41 INFO  Domain:29 - USER: View, create, update or delete users
2020-02-12 17:33:41 INFO  Domain:29 - STOP: Close the application
2020-02-12 17:34:15 INFO  System:46 - What would you like to do with orders:
2020-02-12 17:34:15 INFO  Action:39 - CREATE: Save a new item in the database.
2020-02-12 17:34:15 INFO  Action:39 - READ: View an item in the database.
2020-02-12 17:34:15 INFO  Action:39 - UPDATE: Change an existing item in the database.
2020-02-12 17:34:15 INFO  Action:39 - DELETE: Remove an item from the database.
2020-02-12 17:34:15 INFO  Action:39 - RETURN: Return to section select.
2020-02-12 17:34:17 INFO  OrderController:41 - Please enter a customer ID:
2020-02-12 17:34:20 INFO  OrderController:43 - Please enter an item ID:
2020-02-12 17:34:24 DEBUG OrderDao:105 - [Ljava.lang.StackTraceElement;@551bdc27
2020-02-12 17:34:24 ERROR OrderDao:106 - Cannot add or update a child row: a foreign key constraint fails (`ims`.`order_items`, CONSTRAINT `order_items_ibfk_1` FOREIGN KEY (`order_id`) REFERENCES `orders` (`id`))
2020-02-12 17:34:24 INFO  OrderController:46 - Order created
2020-02-12 17:34:24 INFO  System:39 - Which system would you like to access?
2020-02-12 17:34:24 INFO  Domain:29 - CUSTOMER: View, create, update or delete customers
2020-02-12 17:34:24 INFO  Domain:29 - ITEM: View, create, update or delete items
2020-02-12 17:34:24 INFO  Domain:29 - ORDER: View, create, update or delete orders
2020-02-12 17:34:24 INFO  Domain:29 - USER: View, create, update or delete users
2020-02-12 17:34:24 INFO  Domain:29 - STOP: Close the application
2020-02-12 17:35:42 INFO  System:31 - Please enter your username:
2020-02-12 17:35:44 INFO  System:33 - Please enter your password:
2020-02-12 17:35:47 INFO  System:39 - Which system would you like to access?
2020-02-12 17:35:47 INFO  Domain:29 - CUSTOMER: View, create, update or delete customers
2020-02-12 17:35:47 INFO  Domain:29 - ITEM: View, create, update or delete items
2020-02-12 17:35:47 INFO  Domain:29 - ORDER: View, create, update or delete orders
2020-02-12 17:35:47 INFO  Domain:29 - USER: View, create, update or delete users
2020-02-12 17:35:47 INFO  Domain:29 - STOP: Close the application
2020-02-12 17:35:49 INFO  System:46 - What would you like to do with orders:
2020-02-12 17:35:49 INFO  Action:39 - CREATE: Save a new item in the database.
2020-02-12 17:35:49 INFO  Action:39 - READ: View an item in the database.
2020-02-12 17:35:49 INFO  Action:39 - UPDATE: Change an existing item in the database.
2020-02-12 17:35:49 INFO  Action:39 - DELETE: Remove an item from the database.
2020-02-12 17:35:49 INFO  Action:39 - RETURN: Return to section select.
2020-02-12 17:35:52 INFO  OrderController:41 - Please enter a customer ID:
2020-02-12 17:35:54 INFO  OrderController:43 - Please enter an item ID:
2020-02-12 17:35:55 DEBUG OrderDao:105 - [Ljava.lang.StackTraceElement;@797badd3
2020-02-12 17:35:55 ERROR OrderDao:106 - Cannot add or update a child row: a foreign key constraint fails (`ims`.`order_items`, CONSTRAINT `order_items_ibfk_1` FOREIGN KEY (`order_id`) REFERENCES `orders` (`id`))
2020-02-12 17:35:55 INFO  OrderController:46 - Order created
2020-02-12 17:35:55 INFO  System:39 - Which system would you like to access?
2020-02-12 17:35:55 INFO  Domain:29 - CUSTOMER: View, create, update or delete customers
2020-02-12 17:35:55 INFO  Domain:29 - ITEM: View, create, update or delete items
2020-02-12 17:35:55 INFO  Domain:29 - ORDER: View, create, update or delete orders
2020-02-12 17:35:55 INFO  Domain:29 - USER: View, create, update or delete users
2020-02-12 17:35:55 INFO  Domain:29 - STOP: Close the application
2020-02-12 17:40:31 INFO  System:46 - What would you like to do with customers:
2020-02-12 17:40:31 INFO  Action:39 - CREATE: Save a new item in the database.
2020-02-12 17:40:31 INFO  Action:39 - READ: View an item in the database.
2020-02-12 17:40:31 INFO  Action:39 - UPDATE: Change an existing item in the database.
2020-02-12 17:40:31 INFO  Action:39 - DELETE: Remove an item from the database.
2020-02-12 17:40:31 INFO  Action:39 - RETURN: Return to section select.
2020-02-12 17:40:32 ERROR Action:55 - Invalid selection. Please try again.
2020-02-12 17:40:35 INFO  CustomerController:31 - id:1 first name:bob surname:smith
2020-02-12 17:40:35 INFO  CustomerController:31 - id:2 first name:jess surname:parkes
2020-02-12 17:40:35 INFO  CustomerController:31 - id:3 first name:helen surname:mirren
2020-02-12 17:40:35 INFO  CustomerController:31 - id:4 first name:brad surname:pitt
2020-02-12 17:40:35 INFO  CustomerController:31 - id:5 first name:george surname:clooney
2020-02-12 17:40:35 INFO  CustomerController:31 - id:6 first name:dan surname:parkes
2020-02-12 17:40:35 INFO  System:39 - Which system would you like to access?
2020-02-12 17:40:35 INFO  Domain:29 - CUSTOMER: View, create, update or delete customers
2020-02-12 17:40:35 INFO  Domain:29 - ITEM: View, create, update or delete items
2020-02-12 17:40:35 INFO  Domain:29 - ORDER: View, create, update or delete orders
2020-02-12 17:40:35 INFO  Domain:29 - USER: View, create, update or delete users
2020-02-12 17:40:35 INFO  Domain:29 - STOP: Close the application
2020-02-12 17:41:40 INFO  System:46 - What would you like to do with items:
2020-02-12 17:41:40 INFO  Action:39 - CREATE: Save a new item in the database.
2020-02-12 17:41:40 INFO  Action:39 - READ: View an item in the database.
2020-02-12 17:41:40 INFO  Action:39 - UPDATE: Change an existing item in the database.
2020-02-12 17:41:40 INFO  Action:39 - DELETE: Remove an item from the database.
2020-02-12 17:41:40 INFO  Action:39 - RETURN: Return to section select.
2020-02-12 17:41:44 INFO  ItemController:71 - Please enter the ID of the item you would like to delete:
2020-02-12 17:41:46 DEBUG ItemDao:95 - [Ljava.lang.StackTraceElement;@77e4c80f
2020-02-12 17:41:46 ERROR ItemDao:96 - Cannot delete or update a parent row: a foreign key constraint fails (`ims`.`order_items`, CONSTRAINT `order_items_ibfk_2` FOREIGN KEY (`item_id`) REFERENCES `items` (`id`))
2020-02-12 17:41:46 INFO  System:39 - Which system would you like to access?
2020-02-12 17:41:46 INFO  Domain:29 - CUSTOMER: View, create, update or delete customers
2020-02-12 17:41:46 INFO  Domain:29 - ITEM: View, create, update or delete items
2020-02-12 17:41:46 INFO  Domain:29 - ORDER: View, create, update or delete orders
2020-02-12 17:41:46 INFO  Domain:29 - USER: View, create, update or delete users
2020-02-12 17:41:46 INFO  Domain:29 - STOP: Close the application
2020-02-12 17:42:05 INFO  System:46 - What would you like to do with items:
2020-02-12 17:42:05 INFO  Action:39 - CREATE: Save a new item in the database.
2020-02-12 17:42:05 INFO  Action:39 - READ: View an item in the database.
2020-02-12 17:42:05 INFO  Action:39 - UPDATE: Change an existing item in the database.
2020-02-12 17:42:05 INFO  Action:39 - DELETE: Remove an item from the database.
2020-02-12 17:42:05 INFO  Action:39 - RETURN: Return to section select.
2020-02-12 17:42:11 INFO  ItemController:41 - Please enter an item name:
2020-02-12 17:42:15 INFO  ItemController:43 - Please enter a price:
2020-02-12 17:42:18 INFO  ItemController:46 - Item created
2020-02-12 17:42:18 INFO  System:39 - Which system would you like to access?
2020-02-12 17:42:18 INFO  Domain:29 - CUSTOMER: View, create, update or delete customers
2020-02-12 17:42:18 INFO  Domain:29 - ITEM: View, create, update or delete items
2020-02-12 17:42:18 INFO  Domain:29 - ORDER: View, create, update or delete orders
2020-02-12 17:42:18 INFO  Domain:29 - USER: View, create, update or delete users
2020-02-12 17:42:18 INFO  Domain:29 - STOP: Close the application
2020-02-12 17:42:22 ERROR Domain:40 - Invalid selection. Please make another.
2020-02-12 17:42:24 INFO  System:46 - What would you like to do with items:
2020-02-12 17:42:24 INFO  Action:39 - CREATE: Save a new item in the database.
2020-02-12 17:42:24 INFO  Action:39 - READ: View an item in the database.
2020-02-12 17:42:24 INFO  Action:39 - UPDATE: Change an existing item in the database.
2020-02-12 17:42:24 INFO  Action:39 - DELETE: Remove an item from the database.
2020-02-12 17:42:24 INFO  Action:39 - RETURN: Return to section select.
2020-02-12 17:42:26 INFO  ItemController:31 - com.qa.ims.persistence.domain.Item@255b53dc
2020-02-12 17:42:26 INFO  ItemController:31 - com.qa.ims.persistence.domain.Item@1dd92fe2
2020-02-12 17:42:26 INFO  ItemController:31 - com.qa.ims.persistence.domain.Item@6b53e23f
2020-02-12 17:42:26 INFO  ItemController:31 - com.qa.ims.persistence.domain.Item@64d2d351
2020-02-12 17:42:26 INFO  ItemController:31 - com.qa.ims.persistence.domain.Item@1b68b9a4
2020-02-12 17:42:26 INFO  ItemController:31 - com.qa.ims.persistence.domain.Item@4f9a3314
2020-02-12 17:42:26 INFO  ItemController:31 - com.qa.ims.persistence.domain.Item@3b2c72c2
2020-02-12 17:42:26 INFO  System:39 - Which system would you like to access?
2020-02-12 17:42:26 INFO  Domain:29 - CUSTOMER: View, create, update or delete customers
2020-02-12 17:42:26 INFO  Domain:29 - ITEM: View, create, update or delete items
2020-02-12 17:42:26 INFO  Domain:29 - ORDER: View, create, update or delete orders
2020-02-12 17:42:26 INFO  Domain:29 - USER: View, create, update or delete users
2020-02-12 17:42:26 INFO  Domain:29 - STOP: Close the application
2020-02-12 18:18:06 INFO  System:46 - What would you like to do with items:
2020-02-12 18:18:06 INFO  Action:39 - CREATE: Save a new item in the database.
2020-02-12 18:18:06 INFO  Action:39 - READ: View an item in the database.
2020-02-12 18:18:06 INFO  Action:39 - UPDATE: Change an existing item in the database.
2020-02-12 18:18:06 INFO  Action:39 - DELETE: Remove an item from the database.
2020-02-12 18:18:06 INFO  Action:39 - RETURN: Return to section select.
2020-02-12 18:18:08 INFO  ItemController:71 - Please enter the ID of the item you would like to delete:
2020-02-12 18:18:10 DEBUG ItemDao:95 - [Ljava.lang.StackTraceElement;@176d53b2
2020-02-12 18:18:10 ERROR ItemDao:96 - Cannot delete or update a parent row: a foreign key constraint fails (`ims`.`order_items`, CONSTRAINT `order_items_ibfk_2` FOREIGN KEY (`item_id`) REFERENCES `items` (`id`))
2020-02-12 18:18:10 INFO  System:39 - Which system would you like to access?
2020-02-12 18:18:10 INFO  Domain:29 - CUSTOMER: View, create, update or delete customers
2020-02-12 18:18:10 INFO  Domain:29 - ITEM: View, create, update or delete items
2020-02-12 18:18:10 INFO  Domain:29 - ORDER: View, create, update or delete orders
2020-02-12 18:18:10 INFO  Domain:29 - USER: View, create, update or delete users
2020-02-12 18:18:10 INFO  Domain:29 - STOP: Close the application
2020-02-12 18:18:18 INFO  System:31 - Please enter your username:
2020-02-12 18:18:24 INFO  System:33 - Please enter your password:
2020-02-12 18:18:29 DEBUG System:129 - [Ljava.lang.StackTraceElement;@32464a14
2020-02-12 18:18:29 ERROR System:130 - Access denied for user 'rot'@'164.39.75.108' (using password: YES)
2020-02-12 18:18:29 INFO  System:39 - Which system would you like to access?
2020-02-12 18:18:29 INFO  Domain:29 - CUSTOMER: View, create, update or delete customers
2020-02-12 18:18:29 INFO  Domain:29 - ITEM: View, create, update or delete items
2020-02-12 18:18:29 INFO  Domain:29 - ORDER: View, create, update or delete orders
2020-02-12 18:18:29 INFO  Domain:29 - USER: View, create, update or delete users
2020-02-12 18:18:29 INFO  Domain:29 - STOP: Close the application
2020-02-12 18:18:55 INFO  System:31 - Please enter your username:
2020-02-12 18:18:57 INFO  System:33 - Please enter your password:
2020-02-12 18:19:01 INFO  System:39 - Which system would you like to access?
2020-02-12 18:19:01 INFO  Domain:29 - CUSTOMER: View, create, update or delete customers
2020-02-12 18:19:01 INFO  Domain:29 - ITEM: View, create, update or delete items
2020-02-12 18:19:01 INFO  Domain:29 - ORDER: View, create, update or delete orders
2020-02-12 18:19:01 INFO  Domain:29 - USER: View, create, update or delete users
2020-02-12 18:19:01 INFO  Domain:29 - STOP: Close the application
2020-02-12 18:19:14 INFO  System:46 - What would you like to do with items:
2020-02-12 18:19:14 INFO  Action:39 - CREATE: Save a new item in the database.
2020-02-12 18:19:14 INFO  Action:39 - READ: View an item in the database.
2020-02-12 18:19:14 INFO  Action:39 - UPDATE: Change an existing item in the database.
2020-02-12 18:19:14 INFO  Action:39 - DELETE: Remove an item from the database.
2020-02-12 18:19:14 INFO  Action:39 - RETURN: Return to section select.
2020-02-12 18:19:16 INFO  ItemController:71 - Please enter the ID of the item you would like to delete:
2020-02-12 18:19:18 DEBUG ItemDao:96 - [Ljava.lang.StackTraceElement;@473b46c3
2020-02-12 18:19:18 ERROR ItemDao:97 - Cannot delete or update a parent row: a foreign key constraint fails (`ims`.`order_items`, CONSTRAINT `order_items_ibfk_2` FOREIGN KEY (`item_id`) REFERENCES `items` (`id`))
2020-02-12 18:19:18 INFO  System:39 - Which system would you like to access?
2020-02-12 18:19:18 INFO  Domain:29 - CUSTOMER: View, create, update or delete customers
2020-02-12 18:19:18 INFO  Domain:29 - ITEM: View, create, update or delete items
2020-02-12 18:19:18 INFO  Domain:29 - ORDER: View, create, update or delete orders
2020-02-12 18:19:18 INFO  Domain:29 - USER: View, create, update or delete users
2020-02-12 18:19:18 INFO  Domain:29 - STOP: Close the application
2020-02-12 18:19:46 INFO  System:31 - Please enter your username:
2020-02-12 18:19:48 INFO  System:33 - Please enter your password:
2020-02-12 18:19:51 INFO  System:39 - Which system would you like to access?
2020-02-12 18:19:51 INFO  Domain:29 - CUSTOMER: View, create, update or delete customers
2020-02-12 18:19:51 INFO  Domain:29 - ITEM: View, create, update or delete items
2020-02-12 18:19:51 INFO  Domain:29 - ORDER: View, create, update or delete orders
2020-02-12 18:19:51 INFO  Domain:29 - USER: View, create, update or delete users
2020-02-12 18:19:51 INFO  Domain:29 - STOP: Close the application
2020-02-12 18:19:53 INFO  System:46 - What would you like to do with items:
2020-02-12 18:19:53 INFO  Action:39 - CREATE: Save a new item in the database.
2020-02-12 18:19:53 INFO  Action:39 - READ: View an item in the database.
2020-02-12 18:19:53 INFO  Action:39 - UPDATE: Change an existing item in the database.
2020-02-12 18:19:53 INFO  Action:39 - DELETE: Remove an item from the database.
2020-02-12 18:19:53 INFO  Action:39 - RETURN: Return to section select.
2020-02-12 18:19:55 INFO  ItemController:71 - Please enter the ID of the item you would like to delete:
2020-02-12 18:19:56 INFO  System:39 - Which system would you like to access?
2020-02-12 18:19:56 INFO  Domain:29 - CUSTOMER: View, create, update or delete customers
2020-02-12 18:19:56 INFO  Domain:29 - ITEM: View, create, update or delete items
2020-02-12 18:19:56 INFO  Domain:29 - ORDER: View, create, update or delete orders
2020-02-12 18:19:56 INFO  Domain:29 - USER: View, create, update or delete users
2020-02-12 18:19:56 INFO  Domain:29 - STOP: Close the application
2020-02-12 18:21:02 ERROR Domain:40 - Invalid selection. Please make another.
2020-02-12 18:21:15 INFO  System:31 - Please enter your username:
2020-02-12 18:21:19 INFO  System:33 - Please enter your password:
2020-02-12 18:21:22 DEBUG System:129 - [Ljava.lang.StackTraceElement;@32464a14
2020-02-12 18:21:22 ERROR System:130 - Access denied for user 'banna'@'164.39.75.108' (using password: YES)
2020-02-12 18:21:22 INFO  System:39 - Which system would you like to access?
2020-02-12 18:21:22 INFO  Domain:29 - CUSTOMER: View, create, update or delete customers
2020-02-12 18:21:22 INFO  Domain:29 - ITEM: View, create, update or delete items
2020-02-12 18:21:22 INFO  Domain:29 - ORDER: View, create, update or delete orders
2020-02-12 18:21:22 INFO  Domain:29 - USER: View, create, update or delete users
2020-02-12 18:21:22 INFO  Domain:29 - STOP: Close the application
2020-02-12 22:13:42 INFO  CustomerController:31 - id: 0 first name: Chris surname: P
2020-02-12 22:13:42 INFO  CustomerController:31 - id: 0 first name: Rhys surname: T
2020-02-12 22:13:42 INFO  CustomerController:31 - id: 0 first name: Nic surname: J
2020-02-12 22:13:42 INFO  CustomerController:55 - Please enter the ID of the customer you would like to update: 
2020-02-12 22:13:42 INFO  CustomerController:57 - Please enter a first name: 
2020-02-12 22:13:42 INFO  CustomerController:59 - Please enter a surname: 
2020-02-12 22:13:42 INFO  CustomerController:62 - Customer Updated
2020-02-12 22:13:42 INFO  CustomerController:41 - Please enter a first name:
2020-02-12 22:13:42 INFO  CustomerController:43 - Please enter a surname
2020-02-12 22:13:42 INFO  CustomerController:46 - Customer created
2020-02-12 22:13:42 INFO  CustomerController:71 - Please enter the ID of the customer you would like to delete:
2020-02-12 22:16:40 INFO  UserController:31 - com.qa.ims.persistence.domain.User@b70da4c
2020-02-12 22:16:40 INFO  UserController:31 - com.qa.ims.persistence.domain.User@f478a81
2020-02-12 22:16:40 INFO  UserController:31 - com.qa.ims.persistence.domain.User@19553973
2020-02-12 22:16:40 INFO  UserController:53 - Please enter the ID of the user you would like to update: 
2020-02-12 22:16:40 INFO  UserController:55 - Please enter a new username:
2020-02-12 22:16:40 INFO  UserController:58 - User Updated
2020-02-12 22:16:40 INFO  UserController:41 - Please enter a username:
2020-02-12 22:16:40 INFO  UserController:44 - User created successfully
2020-02-12 22:16:40 INFO  UserController:67 - Please enter the ID of the user you would like to delete:
